1537517555.640199 server started, pid 2994
1537517555.640679 continuing cmdq 0x7fffd99dc6c0: flags=0, client=-1
1537517555.640715 cmdq 0x7fffd99dc6c0: bind-key C-b send-prefix
1537517555.640743 continuing cmdq 0x7fffd99dc6c0: flags=0, client=-1
1537517555.640759 cmdq 0x7fffd99dc6c0: bind-key C-o rotate-window
1537517555.640776 continuing cmdq 0x7fffd99dc6c0: flags=0, client=-1
1537517555.640790 cmdq 0x7fffd99dc6c0: bind-key C-z suspend-client
1537517555.640807 continuing cmdq 0x7fffd99dc6c0: flags=0, client=-1
1537517555.641151 cmdq 0x7fffd99dc6c0: bind-key Space next-layout
1537517555.641178 continuing cmdq 0x7fffd99dc6c0: flags=0, client=-1
1537517555.641187 cmdq 0x7fffd99dc6c0: bind-key ! break-pane
1537517555.641200 continuing cmdq 0x7fffd99dc6c0: flags=0, client=-1
1537517555.641216 cmdq 0x7fffd99dc6c0: bind-key " split-window
1537517555.641233 continuing cmdq 0x7fffd99dc6c0: flags=0, client=-1
1537517555.641241 cmdq 0x7fffd99dc6c0: bind-key # list-buffers
1537517555.641250 continuing cmdq 0x7fffd99dc6c0: flags=0, client=-1
1537517555.641258 cmdq 0x7fffd99dc6c0: bind-key $ command-prompt -I#S "rename-session '%%'"
1537517555.641267 continuing cmdq 0x7fffd99dc6c0: flags=0, client=-1
1537517555.641274 cmdq 0x7fffd99dc6c0: bind-key % split-window -h
1537517555.641285 continuing cmdq 0x7fffd99dc6c0: flags=0, client=-1
1537517555.641304 cmdq 0x7fffd99dc6c0: bind-key & confirm-before "-pkill-window #W? (y/n)" kill-window
1537517555.641318 continuing cmdq 0x7fffd99dc6c0: flags=0, client=-1
1537517555.641326 cmdq 0x7fffd99dc6c0: bind-key ' command-prompt -pindex "select-window -t ':%%'"
1537517555.641335 continuing cmdq 0x7fffd99dc6c0: flags=0, client=-1
1537517555.641341 cmdq 0x7fffd99dc6c0: bind-key ( switch-client -p
1537517555.641352 continuing cmdq 0x7fffd99dc6c0: flags=0, client=-1
1537517555.641359 cmdq 0x7fffd99dc6c0: bind-key ) switch-client -n
1537517555.641372 continuing cmdq 0x7fffd99dc6c0: flags=0, client=-1
1537517555.641385 cmdq 0x7fffd99dc6c0: bind-key , command-prompt -I#W "rename-window '%%'"
1537517555.641394 continuing cmdq 0x7fffd99dc6c0: flags=0, client=-1
1537517555.641400 cmdq 0x7fffd99dc6c0: bind-key - delete-buffer
1537517555.641410 continuing cmdq 0x7fffd99dc6c0: flags=0, client=-1
1537517555.641417 cmdq 0x7fffd99dc6c0: bind-key . command-prompt "move-window -t '%%'"
1537517555.641426 continuing cmdq 0x7fffd99dc6c0: flags=0, client=-1
1537517555.641433 cmdq 0x7fffd99dc6c0: bind-key 0 select-window -t:=0
1537517555.641443 continuing cmdq 0x7fffd99dc6c0: flags=0, client=-1
1537517555.641450 cmdq 0x7fffd99dc6c0: bind-key 1 select-window -t:=1
1537517555.641460 continuing cmdq 0x7fffd99dc6c0: flags=0, client=-1
1537517555.641471 cmdq 0x7fffd99dc6c0: bind-key 2 select-window -t:=2
1537517555.641486 continuing cmdq 0x7fffd99dc6c0: flags=0, client=-1
1537517555.641495 cmdq 0x7fffd99dc6c0: bind-key 3 select-window -t:=3
1537517555.641504 continuing cmdq 0x7fffd99dc6c0: flags=0, client=-1
1537517555.641511 cmdq 0x7fffd99dc6c0: bind-key 4 select-window -t:=4
1537517555.641520 continuing cmdq 0x7fffd99dc6c0: flags=0, client=-1
1537517555.641527 cmdq 0x7fffd99dc6c0: bind-key 5 select-window -t:=5
1537517555.641535 continuing cmdq 0x7fffd99dc6c0: flags=0, client=-1
1537517555.641542 cmdq 0x7fffd99dc6c0: bind-key 6 select-window -t:=6
1537517555.641551 continuing cmdq 0x7fffd99dc6c0: flags=0, client=-1
1537517555.641558 cmdq 0x7fffd99dc6c0: bind-key 7 select-window -t:=7
1537517555.641566 continuing cmdq 0x7fffd99dc6c0: flags=0, client=-1
1537517555.641573 cmdq 0x7fffd99dc6c0: bind-key 8 select-window -t:=8
1537517555.641582 continuing cmdq 0x7fffd99dc6c0: flags=0, client=-1
1537517555.641588 cmdq 0x7fffd99dc6c0: bind-key 9 select-window -t:=9
1537517555.641597 continuing cmdq 0x7fffd99dc6c0: flags=0, client=-1
1537517555.641603 cmdq 0x7fffd99dc6c0: bind-key : command-prompt
1537517555.641611 continuing cmdq 0x7fffd99dc6c0: flags=0, client=-1
1537517555.641617 cmdq 0x7fffd99dc6c0: bind-key ; last-pane
1537517555.641625 continuing cmdq 0x7fffd99dc6c0: flags=0, client=-1
1537517555.641632 cmdq 0x7fffd99dc6c0: bind-key = choose-buffer
1537517555.641665 continuing cmdq 0x7fffd99dc6c0: flags=0, client=-1
1537517555.641674 cmdq 0x7fffd99dc6c0: bind-key ? list-keys
1537517555.641683 continuing cmdq 0x7fffd99dc6c0: flags=0, client=-1
1537517555.641690 cmdq 0x7fffd99dc6c0: bind-key D choose-client
1537517555.641698 continuing cmdq 0x7fffd99dc6c0: flags=0, client=-1
1537517555.641704 cmdq 0x7fffd99dc6c0: bind-key L switch-client -l
1537517555.641714 continuing cmdq 0x7fffd99dc6c0: flags=0, client=-1
1537517555.641720 cmdq 0x7fffd99dc6c0: bind-key M select-pane -M
1537517555.641729 continuing cmdq 0x7fffd99dc6c0: flags=0, client=-1
1537517555.641736 cmdq 0x7fffd99dc6c0: bind-key [ copy-mode
1537517555.641744 continuing cmdq 0x7fffd99dc6c0: flags=0, client=-1
1537517555.641750 cmdq 0x7fffd99dc6c0: bind-key ] paste-buffer
1537517555.641764 continuing cmdq 0x7fffd99dc6c0: flags=0, client=-1
1537517555.641771 cmdq 0x7fffd99dc6c0: bind-key c new-window
1537517555.641779 continuing cmdq 0x7fffd99dc6c0: flags=0, client=-1
1537517555.641786 cmdq 0x7fffd99dc6c0: bind-key d detach-client
1537517555.641794 continuing cmdq 0x7fffd99dc6c0: flags=0, client=-1
1537517555.641801 cmdq 0x7fffd99dc6c0: bind-key f command-prompt "find-window '%%'"
1537517555.641810 continuing cmdq 0x7fffd99dc6c0: flags=0, client=-1
1537517555.641816 cmdq 0x7fffd99dc6c0: bind-key i display-message
1537517555.641824 continuing cmdq 0x7fffd99dc6c0: flags=0, client=-1
1537517555.641830 cmdq 0x7fffd99dc6c0: bind-key l last-window
1537517555.641839 continuing cmdq 0x7fffd99dc6c0: flags=0, client=-1
1537517555.641845 cmdq 0x7fffd99dc6c0: bind-key m select-pane -m
1537517555.641854 continuing cmdq 0x7fffd99dc6c0: flags=0, client=-1
1537517555.641860 cmdq 0x7fffd99dc6c0: bind-key n next-window
1537517555.641869 continuing cmdq 0x7fffd99dc6c0: flags=0, client=-1
1537517555.641875 cmdq 0x7fffd99dc6c0: bind-key o select-pane -t:.+
1537517555.641884 continuing cmdq 0x7fffd99dc6c0: flags=0, client=-1
1537517555.641891 cmdq 0x7fffd99dc6c0: bind-key p previous-window
1537517555.641899 continuing cmdq 0x7fffd99dc6c0: flags=0, client=-1
1537517555.641905 cmdq 0x7fffd99dc6c0: bind-key q display-panes
1537517555.641913 continuing cmdq 0x7fffd99dc6c0: flags=0, client=-1
1537517555.641919 cmdq 0x7fffd99dc6c0: bind-key r refresh-client
1537517555.641927 continuing cmdq 0x7fffd99dc6c0: flags=0, client=-1
1537517555.641934 cmdq 0x7fffd99dc6c0: bind-key s choose-tree
1537517555.641942 continuing cmdq 0x7fffd99dc6c0: flags=0, client=-1
1537517555.641948 cmdq 0x7fffd99dc6c0: bind-key t clock-mode
1537517555.641956 continuing cmdq 0x7fffd99dc6c0: flags=0, client=-1
1537517555.641963 cmdq 0x7fffd99dc6c0: bind-key w choose-window
1537517555.641972 continuing cmdq 0x7fffd99dc6c0: flags=0, client=-1
1537517555.641980 cmdq 0x7fffd99dc6c0: bind-key x confirm-before "-pkill-pane #P? (y/n)" kill-pane
1537517555.641989 continuing cmdq 0x7fffd99dc6c0: flags=0, client=-1
1537517555.641996 cmdq 0x7fffd99dc6c0: bind-key z resize-pane -Z
1537517555.642006 continuing cmdq 0x7fffd99dc6c0: flags=0, client=-1
1537517555.642013 cmdq 0x7fffd99dc6c0: bind-key { swap-pane -U
1537517555.642023 continuing cmdq 0x7fffd99dc6c0: flags=0, client=-1
1537517555.642030 cmdq 0x7fffd99dc6c0: bind-key } swap-pane -D
1537517555.642045 continuing cmdq 0x7fffd99dc6c0: flags=0, client=-1
1537517555.642053 cmdq 0x7fffd99dc6c0: bind-key ~ show-messages
1537517555.642063 continuing cmdq 0x7fffd99dc6c0: flags=0, client=-1
1537517555.642071 cmdq 0x7fffd99dc6c0: bind-key PPage copy-mode -u
1537517555.642080 continuing cmdq 0x7fffd99dc6c0: flags=0, client=-1
1537517555.642088 cmdq 0x7fffd99dc6c0: bind-key -r Up select-pane -U
1537517555.642099 continuing cmdq 0x7fffd99dc6c0: flags=0, client=-1
1537517555.642107 cmdq 0x7fffd99dc6c0: bind-key -r Down select-pane -D
1537517555.642116 continuing cmdq 0x7fffd99dc6c0: flags=0, client=-1
1537517555.642124 cmdq 0x7fffd99dc6c0: bind-key -r Left select-pane -L
1537517555.642134 continuing cmdq 0x7fffd99dc6c0: flags=0, client=-1
1537517555.642142 cmdq 0x7fffd99dc6c0: bind-key -r Right select-pane -R
1537517555.642153 continuing cmdq 0x7fffd99dc6c0: flags=0, client=-1
1537517555.642187 cmdq 0x7fffd99dc6c0: bind-key M-1 select-layout even-horizontal
1537517555.642200 continuing cmdq 0x7fffd99dc6c0: flags=0, client=-1
1537517555.642207 cmdq 0x7fffd99dc6c0: bind-key M-2 select-layout even-vertical
1537517555.642217 continuing cmdq 0x7fffd99dc6c0: flags=0, client=-1
1537517555.642224 cmdq 0x7fffd99dc6c0: bind-key M-3 select-layout main-horizontal
1537517555.642233 continuing cmdq 0x7fffd99dc6c0: flags=0, client=-1
1537517555.642240 cmdq 0x7fffd99dc6c0: bind-key M-4 select-layout main-vertical
1537517555.642249 continuing cmdq 0x7fffd99dc6c0: flags=0, client=-1
1537517555.642256 cmdq 0x7fffd99dc6c0: bind-key M-5 select-layout tiled
1537517555.642265 continuing cmdq 0x7fffd99dc6c0: flags=0, client=-1
1537517555.642271 cmdq 0x7fffd99dc6c0: bind-key M-n next-window -a
1537517555.642280 continuing cmdq 0x7fffd99dc6c0: flags=0, client=-1
1537517555.642286 cmdq 0x7fffd99dc6c0: bind-key M-o rotate-window -D
1537517555.642295 continuing cmdq 0x7fffd99dc6c0: flags=0, client=-1
1537517555.642302 cmdq 0x7fffd99dc6c0: bind-key M-p previous-window -a
1537517555.642317 continuing cmdq 0x7fffd99dc6c0: flags=0, client=-1
1537517555.642324 cmdq 0x7fffd99dc6c0: bind-key -r M-Up resize-pane -U 5
1537517555.642334 continuing cmdq 0x7fffd99dc6c0: flags=0, client=-1
1537517555.642341 cmdq 0x7fffd99dc6c0: bind-key -r M-Down resize-pane -D 5
1537517555.642351 continuing cmdq 0x7fffd99dc6c0: flags=0, client=-1
1537517555.642357 cmdq 0x7fffd99dc6c0: bind-key -r M-Left resize-pane -L 5
1537517555.642367 continuing cmdq 0x7fffd99dc6c0: flags=0, client=-1
1537517555.642373 cmdq 0x7fffd99dc6c0: bind-key -r M-Right resize-pane -R 5
1537517555.642383 continuing cmdq 0x7fffd99dc6c0: flags=0, client=-1
1537517555.642389 cmdq 0x7fffd99dc6c0: bind-key -r C-Up resize-pane -U
1537517555.642398 continuing cmdq 0x7fffd99dc6c0: flags=0, client=-1
1537517555.642404 cmdq 0x7fffd99dc6c0: bind-key -r C-Down resize-pane -D
1537517555.642413 continuing cmdq 0x7fffd99dc6c0: flags=0, client=-1
1537517555.642419 cmdq 0x7fffd99dc6c0: bind-key -r C-Left resize-pane -L
1537517555.642429 continuing cmdq 0x7fffd99dc6c0: flags=0, client=-1
1537517555.642435 cmdq 0x7fffd99dc6c0: bind-key -r C-Right resize-pane -R
1537517555.642445 continuing cmdq 0x7fffd99dc6c0: flags=0, client=-1
1537517555.642452 cmdq 0x7fffd99dc6c0: bind-key -n MouseDown1Pane select-pane -t=; send-keys -M
1537517555.642463 continuing cmdq 0x7fffd99dc6c0: flags=0, client=-1
1537517555.642474 cmdq 0x7fffd99dc6c0: bind-key -n MouseDrag1Border resize-pane -M
1537517555.642484 continuing cmdq 0x7fffd99dc6c0: flags=0, client=-1
1537517555.642491 cmdq 0x7fffd99dc6c0: bind-key -n MouseDown1Status select-window -t=
1537517555.642500 continuing cmdq 0x7fffd99dc6c0: flags=0, client=-1
1537517555.642507 cmdq 0x7fffd99dc6c0: bind-key -n WheelDownStatus next-window
1537517555.642516 continuing cmdq 0x7fffd99dc6c0: flags=0, client=-1
1537517555.642522 cmdq 0x7fffd99dc6c0: bind-key -n WheelUpStatus previous-window
1537517555.642534 continuing cmdq 0x7fffd99dc6c0: flags=0, client=-1
1537517555.642543 cmdq 0x7fffd99dc6c0: bind-key -n MouseDrag1Pane if -Ft= #{mouse_any_flag} "if -Ft= "#{pane_in_mode}" "copy-mode -M" "send-keys -M"" "copy-mode -M"
1537517555.642555 continuing cmdq 0x7fffd99dc6c0: flags=0, client=-1
1537517555.642563 cmdq 0x7fffd99dc6c0: bind-key -n MouseDown3Pane if-shell -Ft= #{mouse_any_flag} "select-pane -t=; send-keys -M" "select-pane -mt="
1537517555.642575 continuing cmdq 0x7fffd99dc6c0: flags=0, client=-1
1537517555.642583 cmdq 0x7fffd99dc6c0: bind-key -n WheelUpPane if-shell -Ft= #{mouse_any_flag} "send-keys -M" "if -Ft= "#{pane_in_mode}" "send-keys -M" "copy-mode -et=""
1537517555.642695 socket path /tmp/tmux-1000/default
1537517555.643131 new client 7
1537517555.643989 continuing cmdq 0x7fffd99dc6c0: flags=0, client=-1
1537517555.644016 unref client 7 (2 references)
1537517555.644046 event dispatch enter
1537517555.644153 got 100 from client 7
1537517555.644165 got 101 from client 7
1537517555.644172 got 102 from client 7
1537517555.644181 got 103 from client 7
1537517555.644194 event dispatch exit
1537517555.644205 event dispatch enter
1537517555.644261 got 104 from client 7
1537517555.644271 got 107 from client 7
1537517555.644276 got 105 from client 7
1537517555.644284 got 105 from client 7
1537517555.644298 got 105 from client 7
1537517555.644308 got 105 from client 7
1537517555.644314 got 105 from client 7
1537517555.644321 got 105 from client 7
1537517555.644329 got 105 from client 7
1537517555.644335 got 105 from client 7
1537517555.644342 got 105 from client 7
1537517555.644349 got 105 from client 7
1537517555.644363 got 105 from client 7
1537517555.644371 got 105 from client 7
1537517555.644378 got 105 from client 7
1537517555.644384 got 105 from client 7
1537517555.644391 got 105 from client 7
1537517555.644398 got 105 from client 7
1537517555.644406 got 105 from client 7
1537517555.644420 got 105 from client 7
1537517555.644428 got 105 from client 7
1537517555.644436 got 105 from client 7
1537517555.644444 got 105 from client 7
1537517555.644451 got 105 from client 7
1537517555.644457 got 105 from client 7
1537517555.644465 got 106 from client 7
1537517555.644531 got 200 from client 7
1537517555.644549 continuing cmdq 0x7fffd99e2290: flags=0, client=7
1537517555.644561 cmdq 0x7fffd99e2290: new-session
1537517555.644581 new term: xterm-256color
1537517555.700063 xterm-256color override: XT 
1537517555.700125 xterm-256color override: Ms \033]52;%p1%s;%p2%s\a
1537517555.700149 xterm-256color override: Cs \033]12;%p1%s\a
1537517555.700159 xterm-256color override: Cr \033]112\a
1537517555.700168 xterm-256color override: Ss \033[%p1%d q
1537517555.700183 xterm-256color override: Se \033[2 q
1537517555.700565 new key \033Oo: 0x103c (KP/)
1537517555.700603 new key \033Oj: 0x103d (KP*)
1537517555.700613 new key \033Om: 0x103e (KP-)
1537517555.700622 new key \033Ow: 0x103f (KP7)
1537517555.700629 new key \033Ox: 0x1040 (KP8)
1537517555.700637 new key \033Oy: 0x1041 (KP9)
1537517555.700645 new key \033Ok: 0x1042 (KP+)
1537517555.700653 new key \033Ot: 0x1043 (KP4)
1537517555.700660 new key \033Ou: 0x1044 (KP5)
1537517555.700667 new key \033Ov: 0x1045 (KP6)
1537517555.700675 new key \033Oq: 0x1046 (KP1)
1537517555.700684 new key \033Or: 0x1047 (KP2)
1537517555.700692 new key \033Os: 0x1048 (KP3)
1537517555.700700 new key \033OM: 0x1049 (KPEnter)
1537517555.700708 new key \033Op: 0x104a (KP0)
1537517555.700717 new key \033On: 0x104b (KP.)
1537517555.700758 new key \033OA: 0x1038 (Up)
1537517555.700769 new key \033OB: 0x1039 (Down)
1537517555.700777 new key \033OC: 0x103b (Right)
1537517555.700785 new key \033OD: 0x103a (Left)
1537517555.700791 new key \033[A: 0x1038 (Up)
1537517555.700798 new key \033[B: 0x1039 (Down)
1537517555.700804 new key \033[C: 0x103b (Right)
1537517555.700811 new key \033[D: 0x103a (Left)
1537517555.700818 new key \033OH: 0x1033 (Home)
1537517555.700825 new key \033OF: 0x1034 (End)
1537517555.700832 new key \033[H: 0x1033 (Home)
1537517555.700839 new key \033[F: 0x1034 (End)
1537517555.700847 new key \033Oa: 0x5038 (C-Up)
1537517555.700854 new key \033Ob: 0x5039 (C-Down)
1537517555.700861 new key \033Oc: 0x503b (C-Right)
1537517555.700869 new key \033Od: 0x503a (C-Left)
1537517555.700878 new key \033[a: 0x9038 (S-Up)
1537517555.700886 new key \033[b: 0x9039 (S-Down)
1537517555.700893 new key \033[c: 0x903b (S-Right)
1537517555.700899 new key \033[d: 0x903a (S-Left)
1537517555.700906 new key \033[11^: 0x5025 (C-F1)
1537517555.700913 new key \033[12^: 0x5026 (C-F2)
1537517555.700920 new key \033[13^: 0x5027 (C-F3)
1537517555.700927 new key \033[14^: 0x5028 (C-F4)
1537517555.700934 new key \033[15^: 0x5029 (C-F5)
1537517555.700940 new key \033[17^: 0x502a (C-F6)
1537517555.700947 new key \033[18^: 0x502b (C-F7)
1537517555.700954 new key \033[19^: 0x502c (C-F8)
1537517555.700960 new key \033[20^: 0x502d (C-F9)
1537517555.700968 new key \033[21^: 0x502e (C-F10)
1537517555.700975 new key \033[23^: 0x502f (C-F11)
1537517555.700981 new key \033[24^: 0x5030 (C-F12)
1537517555.700988 new key \033[2^: 0x5031 (C-IC)
1537517555.701033 new key \033[3^: 0x5032 (C-DC)
1537517555.701044 new key \033[7^: 0x5033 (C-Home)
1537517555.701051 new key \033[8^: 0x5034 (C-End)
1537517555.701059 new key \033[6^: 0x5035 (C-NPage)
1537517555.701080 new key \033[5^: 0x5036 (C-PPage)
1537517555.701087 new key \033[11$: 0x9025 (S-F1)
1537517555.701093 new key \033[12$: 0x9026 (S-F2)
1537517555.701099 new key \033[13$: 0x9027 (S-F3)
1537517555.701105 new key \033[14$: 0x9028 (S-F4)
1537517555.701112 new key \033[15$: 0x9029 (S-F5)
1537517555.701118 new key \033[17$: 0x902a (S-F6)
1537517555.701124 new key \033[18$: 0x902b (S-F7)
1537517555.701130 new key \033[19$: 0x902c (S-F8)
1537517555.701136 new key \033[20$: 0x902d (S-F9)
1537517555.701143 new key \033[21$: 0x902e (S-F10)
1537517555.701149 new key \033[23$: 0x902f (S-F11)
1537517555.701155 new key \033[24$: 0x9030 (S-F12)
1537517555.701162 new key \033[2$: 0x9031 (S-IC)
1537517555.701168 new key \033[3$: 0x9032 (S-DC)
1537517555.701174 new key \033[7$: 0x9033 (S-Home)
1537517555.701180 new key \033[8$: 0x9034 (S-End)
1537517555.701196 new key \033[6$: 0x9035 (S-NPage)
1537517555.701203 new key \033[5$: 0x9036 (S-PPage)
1537517555.701210 new key \033[11@: 0xd025 (C-S-F1)
1537517555.701216 new key \033[12@: 0xd026 (C-S-F2)
1537517555.701222 new key \033[13@: 0xd027 (C-S-F3)
1537517555.701228 new key \033[14@: 0xd028 (C-S-F4)
1537517555.701235 new key \033[15@: 0xd029 (C-S-F5)
1537517555.701240 new key \033[17@: 0xd02a (C-S-F6)
1537517555.701247 new key \033[18@: 0xd02b (C-S-F7)
1537517555.701252 new key \033[19@: 0xd02c (C-S-F8)
1537517555.701258 new key \033[20@: 0xd02d (C-S-F9)
1537517555.701265 new key \033[21@: 0xd02e (C-S-F10)
1537517555.701272 new key \033[23@: 0xd02f (C-S-F11)
1537517555.701277 new key \033[24@: 0xd030 (C-S-F12)
1537517555.701284 new key \033[2@: 0xd031 (C-S-IC)
1537517555.701290 new key \033[3@: 0xd032 (C-S-DC)
1537517555.701298 new key \033[7@: 0xd033 (C-S-Home)
1537517555.701304 new key \033[8@: 0xd034 (C-S-End)
1537517555.701311 new key \033[6@: 0xd035 (C-S-NPage)
1537517555.701318 new key \033[5@: 0xd036 (C-S-PPage)
1537517555.701326 new key \033[I: 0x1000 ((null))
1537517555.701332 new key \033[O: 0x1001 ((null))
1537517555.701339 new key \033OP: 0x1025 (F1)
1537517555.701346 new key \033OQ: 0x1026 (F2)
1537517555.701354 new key \033OR: 0x1027 (F3)
1537517555.701361 new key \033OS: 0x1028 (F4)
1537517555.701369 new key \033[15~: 0x1029 (F5)
1537517555.701376 new key \033[17~: 0x102a (F6)
1537517555.701382 new key \033[18~: 0x102b (F7)
1537517555.701390 new key \033[19~: 0x102c (F8)
1537517555.701401 new key \033[20~: 0x102d (F9)
1537517555.701409 new key \033[21~: 0x102e (F10)
1537517555.701415 new key \033[23~: 0x102f (F11)
1537517555.701422 new key \033[24~: 0x1030 (F12)
1537517555.701429 new key \033[1;2P: 0x9025 (S-F1)
1537517555.701436 new key \033[1;2Q: 0x9026 (S-F2)
1537517555.701443 new key \033[1;2R: 0x9027 (S-F3)
1537517555.701450 new key \033[1;2S: 0x9028 (S-F4)
1537517555.701457 new key \033[15;2~: 0x9029 (S-F5)
1537517555.701465 new key \033[17;2~: 0x902a (S-F6)
1537517555.701472 new key \033[18;2~: 0x902b (S-F7)
1537517555.701478 new key \033[19;2~: 0x902c (S-F8)
1537517555.701485 new key \033[20;2~: 0x902d (S-F9)
1537517555.701492 new key \033[21;2~: 0x902e (S-F10)
1537517555.701499 new key \033[23;2~: 0x902f (S-F11)
1537517555.701505 new key \033[24;2~: 0x9030 (S-F12)
1537517555.701512 new key \033[1;5P: 0x5025 (C-F1)
1537517555.701519 new key \033[1;5Q: 0x5026 (C-F2)
1537517555.701526 new key \033[1;5R: 0x5027 (C-F3)
1537517555.701533 new key \033[1;5S: 0x5028 (C-F4)
1537517555.701539 new key \033[15;5~: 0x5029 (C-F5)
1537517555.701546 new key \033[17;5~: 0x502a (C-F6)
1537517555.701553 new key \033[18;5~: 0x502b (C-F7)
1537517555.701563 new key \033[19;5~: 0x502c (C-F8)
1537517555.701572 new key \033[20;5~: 0x502d (C-F9)
1537517555.701580 new key \033[21;5~: 0x502e (C-F10)
1537517555.701587 new key \033[23;5~: 0x502f (C-F11)
1537517555.701593 new key \033[24;5~: 0x5030 (C-F12)
1537517555.701600 new key \033[1;6P: 0xd025 (C-S-F1)
1537517555.701607 new key \033[1;6Q: 0xd026 (C-S-F2)
1537517555.701632 new key \033[1;6R: 0xd027 (C-S-F3)
1537517555.701641 new key \033[1;6S: 0xd028 (C-S-F4)
1537517555.701648 new key \033[15;6~: 0xd029 (C-S-F5)
1537517555.701655 new key \033[17;6~: 0xd02a (C-S-F6)
1537517555.701662 new key \033[18;6~: 0xd02b (C-S-F7)
1537517555.701669 new key \033[19;6~: 0xd02c (C-S-F8)
1537517555.701676 new key \033[20;6~: 0xd02d (C-S-F9)
1537517555.701682 new key \033[21;6~: 0xd02e (C-S-F10)
1537517555.701689 new key \033[23;6~: 0xd02f (C-S-F11)
1537517555.701696 new key \033[24;6~: 0xd030 (C-S-F12)
1537517555.701703 new key \033[1;3P: 0x3025 (M-F1)
1537517555.701710 new key \033[1;3Q: 0x3026 (M-F2)
1537517555.701717 new key \033[1;3R: 0x3027 (M-F3)
1537517555.701724 new key \033[1;3S: 0x3028 (M-F4)
1537517555.701731 new key \033[15;3~: 0x3029 (M-F5)
1537517555.701738 new key \033[17;3~: 0x302a (M-F6)
1537517555.701753 new key \033[18;3~: 0x302b (M-F7)
1537517555.701760 new key \033[19;3~: 0x302c (M-F8)
1537517555.701768 new key \033[20;3~: 0x302d (M-F9)
1537517555.701803 new key \033[21;3~: 0x302e (M-F10)
1537517555.701810 new key \033[23;3~: 0x302f (M-F11)
1537517555.701817 new key \033[24;3~: 0x3030 (M-F12)
1537517555.701823 new key \033[1;4P: 0xb025 (M-S-F1)
1537517555.701830 new key \033[1;4Q: 0xb026 (M-S-F2)
1537517555.701836 new key \033[1;4R: 0xb027 (M-S-F3)
1537517555.701844 new key \033[2~: 0x1031 (IC)
1537517555.701850 new key \033[3~: 0x1032 (DC)
1537517555.701857 replacing key \033OH: 0x1033 (Home)
1537517555.701863 replacing key \033OF: 0x1034 (End)
1537517555.701870 new key \033[6~: 0x1035 (NPage)
1537517555.701876 new key \033[5~: 0x1036 (PPage)
1537517555.701883 new key \033[Z: 0x1037 (BTab)
1537517555.701889 replacing key \033OA: 0x1038 (Up)
1537517555.701896 replacing key \033OB: 0x1039 (Down)
1537517555.701903 replacing key \033OD: 0x103a (Left)
1537517555.701909 replacing key \033OC: 0x103b (Right)
1537517555.701916 new key \033[3;2~: 0x9032 (S-DC)
1537517555.701922 new key \033[3;3~: 0x3032 (M-DC)
1537517555.701929 new key \033[3;4~: 0xb032 (M-S-DC)
1537517555.701935 new key \033[3;5~: 0x5032 (C-DC)
1537517555.701942 new key \033[3;6~: 0xd032 (C-S-DC)
1537517555.701948 new key \033[3;7~: 0x7032 (C-M-DC)
1537517555.701955 new key \033[1;2B: 0x9039 (S-Down)
1537517555.701966 new key \033[1;3B: 0x3039 (M-Down)
1537517555.701974 new key \033[1;4B: 0xb039 (M-S-Down)
1537517555.701980 new key \033[1;5B: 0x5039 (C-Down)
1537517555.701987 new key \033[1;6B: 0xd039 (C-S-Down)
1537517555.701993 new key \033[1;7B: 0x7039 (C-M-Down)
1537517555.702000 new key \033[1;2F: 0x9034 (S-End)
1537517555.702007 new key \033[1;3F: 0x3034 (M-End)
1537517555.702013 new key \033[1;4F: 0xb034 (M-S-End)
1537517555.702020 new key \033[1;5F: 0x5034 (C-End)
1537517555.702026 new key \033[1;6F: 0xd034 (C-S-End)
1537517555.702033 new key \033[1;7F: 0x7034 (C-M-End)
1537517555.702039 new key \033[1;2H: 0x9033 (S-Home)
1537517555.702046 new key \033[1;3H: 0x3033 (M-Home)
1537517555.702052 new key \033[1;4H: 0xb033 (M-S-Home)
1537517555.702059 new key \033[1;5H: 0x5033 (C-Home)
1537517555.702066 new key \033[1;6H: 0xd033 (C-S-Home)
1537517555.702073 new key \033[1;7H: 0x7033 (C-M-Home)
1537517555.702079 new key \033[2;2~: 0x9031 (S-IC)
1537517555.702085 new key \033[2;3~: 0x3031 (M-IC)
1537517555.702092 new key \033[2;4~: 0xb031 (M-S-IC)
1537517555.702098 new key \033[2;5~: 0x5031 (C-IC)
1537517555.702105 new key \033[2;6~: 0xd031 (C-S-IC)
1537517555.702111 new key \033[2;7~: 0x7031 (C-M-IC)
1537517555.702118 new key \033[1;2D: 0x903a (S-Left)
1537517555.702125 new key \033[1;3D: 0x303a (M-Left)
1537517555.702131 new key \033[1;4D: 0xb03a (M-S-Left)
1537517555.702141 new key \033[1;5D: 0x503a (C-Left)
1537517555.702149 new key \033[1;6D: 0xd03a (C-S-Left)
1537517555.702155 new key \033[1;7D: 0x703a (C-M-Left)
1537517555.702162 new key \033[6;2~: 0x9035 (S-NPage)
1537517555.702169 new key \033[6;3~: 0x3035 (M-NPage)
1537517555.702175 new key \033[6;4~: 0xb035 (M-S-NPage)
1537517555.702182 new key \033[6;5~: 0x5035 (C-NPage)
1537517555.702188 new key \033[6;6~: 0xd035 (C-S-NPage)
1537517555.702219 new key \033[6;7~: 0x7035 (C-M-NPage)
1537517555.702228 new key \033[5;2~: 0x9036 (S-PPage)
1537517555.702235 new key \033[5;3~: 0x3036 (M-PPage)
1537517555.702242 new key \033[5;4~: 0xb036 (M-S-PPage)
1537517555.702249 new key \033[5;5~: 0x5036 (C-PPage)
1537517555.702255 new key \033[5;6~: 0xd036 (C-S-PPage)
1537517555.702262 new key \033[5;7~: 0x7036 (C-M-PPage)
1537517555.702269 new key \033[1;2C: 0x903b (S-Right)
1537517555.702276 new key \033[1;3C: 0x303b (M-Right)
1537517555.702283 new key \033[1;4C: 0xb03b (M-S-Right)
1537517555.702290 new key \033[1;5C: 0x503b (C-Right)
1537517555.702298 new key \033[1;6C: 0xd03b (C-S-Right)
1537517555.702305 new key \033[1;7C: 0x703b (C-M-Right)
1537517555.702312 new key \033[1;2A: 0x9038 (S-Up)
1537517555.702319 new key \033[1;3A: 0x3038 (M-Up)
1537517555.702331 new key \033[1;4A: 0xb038 (M-S-Up)
1537517555.702338 new key \033[1;5A: 0x5038 (C-Up)
1537517555.702345 new key \033[1;6A: 0xd038 (C-S-Up)
1537517555.702352 new key \033[1;7A: 0x7038 (C-M-Up)
1537517555.702404 @0 alerts flags added 0x2
1537517555.702431 spawn: /usr/bin/zsh -- 
1537517555.889772 @0 alerts timer reset 0
1537517555.889831 session 0 created
1537517555.889846 writing 207 to client 7
1537517555.889862 client 7, status interval 15
1537517555.889922 session 0 has 3 references
1537517555.889934 session 0 has 2 references
1537517555.889942 unref client 7 (2 references)
1537517555.889955 event dispatch exit
1537517555.890116 format '[#S] ' -> '[0] '
1537517555.890219 format ' "#{=21:pane_title}" 16:12 21-Sep-18' -> ' "DESKTOP-UTTCK6I" 16:12 21-Sep-18'
1537517555.890293 format '#{window_flags}' -> '*'
1537517555.890306 format '#I:#W#{?window_flags,#{window_flags}, }' -> '0:zsh*'
1537517555.890521 @0 active pane not changed
1537517555.890536 event dispatch enter
1537517555.891614 event dispatch exit
1537517555.891654 @0 active pane not changed
1537517555.891667 event dispatch enter
1537517555.891872 got 208 from client 7
1537517555.891918 event dispatch exit
1537517555.891939 @0 active pane not changed
1537517555.891954 event dispatch enter
1537517556.808445 keys are 1 (:)
1537517556.808499 complete key : 0x3a
1537517556.808512 session 0 not pasting
1537517556.808532 writing key 0x3a (:)
1537517556.808542 event dispatch exit
1537517556.808552 @0 active pane not changed
1537517556.808560 event dispatch enter
1537517556.808592 event dispatch exit
1537517556.808602 @0 active pane not changed
1537517556.808617 event dispatch enter
1537517556.808644 %0 has 1 bytes
1537517556.808655 @0 alerts timer reset 0
1537517556.808664 input_parse: %0 ground, 1 bytes: :
1537517556.808680 event dispatch exit
1537517556.808691 @0 active pane changed
1537517556.808795 format '#{pane_current_command}' -> 'zsh'
1537517556.808815 format '' -> ''
1537517556.808824 format '#{?pane_in_mode,[tmux],#{pane_current_command}}#{?pane_dead,[dead],}' -> 'zsh'
1537517556.808836 @0 name not changed (still zsh)
1537517556.808844 event dispatch enter
1537517556.809011 event dispatch exit
1537517556.809034 @0 active pane not changed
1537517556.809043 event dispatch enter
1537517557.034918 keys are 1 (q)
1537517557.034972 complete key q 0x71
1537517557.034985 session 0 not pasting
1537517557.034994 writing key 0x71 (q)
1537517557.035005 event dispatch exit
1537517557.035015 @0 active pane not changed
1537517557.035023 event dispatch enter
1537517557.035075 event dispatch exit
1537517557.035085 @0 active pane not changed
1537517557.035093 event dispatch enter
1537517557.035118 %0 has 1 bytes
1537517557.035128 @0 alerts timer reset 0
1537517557.035138 input_parse: %0 ground, 1 bytes: q
1537517557.035154 event dispatch exit
1537517557.035166 @0 active pane changed
1537517557.035175 @0 name timer queued (273525 left)
1537517557.035184 event dispatch enter
1537517557.035324 event dispatch exit
1537517557.035348 @0 active pane changed
1537517557.035359 @0 name timer already queued (273341 left)
1537517557.035366 event dispatch enter
1537517557.140969 keys are 1 (\r)
1537517557.141021 complete key \r 0xd
1537517557.141033 session 0 not pasting
1537517557.141047 writing key 0xd (Enter)
1537517557.141061 event dispatch exit
1537517557.141072 @0 active pane changed
1537517557.141093 @0 name timer already queued (167608 left)
1537517557.141101 event dispatch enter
1537517557.141134 event dispatch exit
1537517557.141144 @0 active pane changed
1537517557.141153 @0 name timer already queued (167547 left)
1537517557.141161 event dispatch enter
1537517557.141186 %0 has 2 bytes
1537517557.141196 @0 alerts timer reset 0
1537517557.141206 input_parse: %0 ground, 2 bytes: \r\n
1537517557.141214 input_c0_dispatch: '\r'
1537517557.141221 input_c0_dispatch: '\n'
1537517557.141230 event dispatch exit
1537517557.141240 @0 active pane changed
1537517557.141250 @0 name timer already queued (167450 left)
1537517557.141256 event dispatch enter
1537517557.141359 event dispatch exit
1537517557.141381 @0 active pane changed
1537517557.141391 @0 name timer already queued (167309 left)
1537517557.141398 event dispatch enter
1537517557.310285 @0 name timer expired
1537517557.310353 event dispatch exit
1537517557.310367 @0 active pane changed
1537517557.310467 format '#{pane_current_command}' -> 'zsh'
1537517557.310506 format '' -> ''
1537517557.310516 format '#{?pane_in_mode,[tmux],#{pane_current_command}}#{?pane_dead,[dead],}' -> 'zsh'
1537517557.310530 @0 name not changed (still zsh)
1537517557.310538 event dispatch enter
1537517558.162310 keys are 1 (\177)
1537517558.162383 complete key \177 0x1024
1537517558.162397 session 0 not pasting
1537517558.162407 writing key 0x1024 (BSpace)
1537517558.162416 found key 0x1024: "\177"
1537517558.162429 event dispatch exit
1537517558.162441 @0 active pane not changed
1537517558.162458 event dispatch enter
1537517558.162491 event dispatch exit
1537517558.162503 @0 active pane not changed
1537517558.162512 event dispatch enter
1537517558.321775 keys are 1 (\177)
1537517558.321828 complete key \177 0x1024
1537517558.321840 session 0 not pasting
1537517558.321850 writing key 0x1024 (BSpace)
1537517558.321858 found key 0x1024: "\177"
1537517558.321868 event dispatch exit
1537517558.321877 @0 active pane not changed
1537517558.321885 event dispatch enter
1537517558.321910 event dispatch exit
1537517558.321919 @0 active pane not changed
1537517558.321925 event dispatch enter
1537517558.475065 keys are 1 (\177)
1537517558.475118 complete key \177 0x1024
1537517558.475131 session 0 not pasting
1537517558.475141 writing key 0x1024 (BSpace)
1537517558.475148 found key 0x1024: "\177"
1537517558.475160 event dispatch exit
1537517558.475170 @0 active pane not changed
1537517558.475178 event dispatch enter
1537517558.475203 event dispatch exit
1537517558.475214 @0 active pane not changed
1537517558.475221 event dispatch enter
1537517558.764284 keys are 1 (\033)
1537517558.764332 partial key \033
1537517558.764342 event dispatch exit
1537517558.764352 @0 active pane not changed
1537517558.764359 event dispatch enter
1537517559.264792 keys are 1 (\033)
1537517559.264849 partial key \033
1537517559.264859 complete key \033 0x1b
1537517559.264873 session 0 not pasting
1537517559.264883 writing key 0x1b (Escape)
1537517559.264895 event dispatch exit
1537517559.264906 @0 active pane not changed
1537517559.264926 event dispatch enter
1537517559.264958 event dispatch exit
1537517559.264967 @0 active pane not changed
1537517559.264974 event dispatch enter
1537517559.265009 %0 has 2 bytes
1537517559.265020 @0 alerts timer reset 0
1537517559.265029 input_parse: %0 ground, 2 bytes: ^[
1537517559.265046 event dispatch exit
1537517559.265057 @0 active pane changed
1537517559.265149 format '#{pane_current_command}' -> 'zsh'
1537517559.265168 format '' -> ''
1537517559.265177 format '#{?pane_in_mode,[tmux],#{pane_current_command}}#{?pane_dead,[dead],}' -> 'zsh'
1537517559.265192 @0 name not changed (still zsh)
1537517559.265201 event dispatch enter
1537517559.265374 event dispatch exit
1537517559.265407 @0 active pane not changed
1537517559.265417 event dispatch enter
1537517559.670610 keys are 1 (\030)
1537517559.670663 complete key \030 0x18
1537517559.670676 session 0 not pasting
1537517559.670691 writing key 0x18 (C-x)
1537517559.670706 event dispatch exit
1537517559.670717 @0 active pane not changed
1537517559.670725 event dispatch enter
1537517559.670756 event dispatch exit
1537517559.670766 @0 active pane not changed
1537517559.670775 event dispatch enter
1537517559.670802 %0 has 2 bytes
1537517559.670812 @0 alerts timer reset 0
1537517559.670821 input_parse: %0 ground, 2 bytes: ^X
1537517559.670839 event dispatch exit
1537517559.670850 @0 active pane changed
1537517559.670859 @0 name timer queued (94207 left)
1537517559.670868 event dispatch enter
1537517559.671004 event dispatch exit
1537517559.671028 @0 active pane changed
1537517559.671037 @0 name timer already queued (94029 left)
1537517559.671044 event dispatch enter
1537517559.766752 @0 name timer expired
1537517559.766811 event dispatch exit
1537517559.766823 @0 active pane changed
1537517559.766916 format '#{pane_current_command}' -> 'zsh'
1537517559.766934 format '' -> ''
1537517559.766943 format '#{?pane_in_mode,[tmux],#{pane_current_command}}#{?pane_dead,[dead],}' -> 'zsh'
1537517559.766956 @0 name not changed (still zsh)
1537517559.766964 event dispatch enter
1537517560.644988 keys are 1 (\177)
1537517560.645040 complete key \177 0x1024
1537517560.645053 session 0 not pasting
1537517560.645063 writing key 0x1024 (BSpace)
1537517560.645071 found key 0x1024: "\177"
1537517560.645082 event dispatch exit
1537517560.645093 @0 active pane not changed
1537517560.645101 event dispatch enter
1537517560.645133 event dispatch exit
1537517560.645143 @0 active pane not changed
1537517560.645152 event dispatch enter
1537517560.645177 %0 has 6 bytes
1537517560.645188 @0 alerts timer reset 0
1537517560.645197 input_parse: %0 ground, 6 bytes: \b \b\b \b
1537517560.645205 input_c0_dispatch: '\b'
1537517560.645222 input_c0_dispatch: '\b'
1537517560.645232 input_c0_dispatch: '\b'
1537517560.645241 input_c0_dispatch: '\b'
1537517560.645250 event dispatch exit
1537517560.645259 @0 active pane changed
1537517560.645345 format '#{pane_current_command}' -> 'zsh'
1537517560.645358 format '' -> ''
1537517560.645366 format '#{?pane_in_mode,[tmux],#{pane_current_command}}#{?pane_dead,[dead],}' -> 'zsh'
1537517560.645377 @0 name not changed (still zsh)
1537517560.645385 event dispatch enter
1537517560.645541 event dispatch exit
1537517560.645564 @0 active pane not changed
1537517560.645572 event dispatch enter
1537517560.808051 keys are 1 (\177)
1537517560.808105 complete key \177 0x1024
1537517560.808117 session 0 not pasting
1537517560.808127 writing key 0x1024 (BSpace)
1537517560.808135 found key 0x1024: "\177"
1537517560.808146 event dispatch exit
1537517560.808171 @0 active pane not changed
1537517560.808179 event dispatch enter
1537517560.808211 event dispatch exit
1537517560.808221 @0 active pane not changed
1537517560.808228 event dispatch enter
1537517560.808252 %0 has 6 bytes
1537517560.808263 @0 alerts timer reset 0
1537517560.808274 input_parse: %0 ground, 6 bytes: \b \b\b \b
1537517560.808281 input_c0_dispatch: '\b'
1537517560.808296 input_c0_dispatch: '\b'
1537517560.808305 input_c0_dispatch: '\b'
1537517560.808314 input_c0_dispatch: '\b'
1537517560.808323 event dispatch exit
1537517560.808331 @0 active pane changed
1537517560.808339 @0 name timer queued (336930 left)
1537517560.808347 event dispatch enter
1537517560.808477 event dispatch exit
1537517560.808500 @0 active pane changed
1537517560.808510 @0 name timer already queued (336758 left)
1537517560.808517 event dispatch enter
1537517560.964435 keys are 1 (\177)
1537517560.964488 complete key \177 0x1024
1537517560.964501 session 0 not pasting
1537517560.964511 writing key 0x1024 (BSpace)
1537517560.964518 found key 0x1024: "\177"
1537517560.964529 event dispatch exit
1537517560.964539 @0 active pane changed
1537517560.964548 @0 name timer already queued (180721 left)
1537517560.964555 event dispatch enter
1537517560.964606 event dispatch exit
1537517560.964617 @0 active pane changed
1537517560.964625 @0 name timer already queued (180643 left)
1537517560.964633 event dispatch enter
1537517561.119954 keys are 1 (\177)
1537517561.120002 complete key \177 0x1024
1537517561.120014 session 0 not pasting
1537517561.120024 writing key 0x1024 (BSpace)
1537517561.120032 found key 0x1024: "\177"
1537517561.120042 event dispatch exit
1537517561.120052 @0 active pane changed
1537517561.120059 @0 name timer already queued (25209 left)
1537517561.120066 event dispatch enter
1537517561.120096 event dispatch exit
1537517561.120103 @0 active pane changed
1537517561.120110 @0 name timer already queued (25158 left)
1537517561.120117 event dispatch enter
1537517561.146891 @0 name timer expired
1537517561.146950 event dispatch exit
1537517561.146961 @0 active pane changed
1537517561.147055 format '#{pane_current_command}' -> 'zsh'
1537517561.147072 format '' -> ''
1537517561.147081 format '#{?pane_in_mode,[tmux],#{pane_current_command}}#{?pane_dead,[dead],}' -> 'zsh'
1537517561.147093 @0 name not changed (still zsh)
1537517561.147103 event dispatch enter
1537517561.291564 keys are 1 (\177)
1537517561.291620 complete key \177 0x1024
1537517561.291633 session 0 not pasting
1537517561.291644 writing key 0x1024 (BSpace)
1537517561.291652 found key 0x1024: "\177"
1537517561.291664 event dispatch exit
1537517561.291676 @0 active pane not changed
1537517561.291715 event dispatch enter
1537517561.291749 event dispatch exit
1537517561.291762 @0 active pane not changed
1537517561.291772 event dispatch enter
1537517562.196548 keys are 1 (\032)
1537517562.196602 complete key \032 0x1a
1537517562.196614 session 0 not pasting
1537517562.196626 writing key 0x1a (C-z)
1537517562.196637 event dispatch exit
1537517562.196647 @0 active pane not changed
1537517562.196672 event dispatch enter
1537517562.196710 event dispatch exit
1537517562.196720 @0 active pane not changed
1537517562.196728 event dispatch enter
1537517562.196760 %0 has 2 bytes
1537517562.196771 @0 alerts timer reset 0
1537517562.196780 input_parse: %0 ground, 2 bytes: ^Z
1537517562.196797 event dispatch exit
1537517562.196808 @0 active pane changed
1537517562.196896 format '#{pane_current_command}' -> 'zsh'
1537517562.196910 format '' -> ''
1537517562.196918 format '#{?pane_in_mode,[tmux],#{pane_current_command}}#{?pane_dead,[dead],}' -> 'zsh'
1537517562.196928 @0 name not changed (still zsh)
1537517562.196935 event dispatch enter
1537517562.197100 event dispatch exit
1537517562.197118 @0 active pane not changed
1537517562.197126 event dispatch enter
1537517563.182786 keys are 1 (\177)
1537517563.182845 complete key \177 0x1024
1537517563.182858 session 0 not pasting
1537517563.182869 writing key 0x1024 (BSpace)
1537517563.182876 found key 0x1024: "\177"
1537517563.182886 event dispatch exit
1537517563.182896 @0 active pane not changed
1537517563.182904 event dispatch enter
1537517563.182927 event dispatch exit
1537517563.182937 @0 active pane not changed
1537517563.182943 event dispatch enter
1537517563.362719 keys are 1 (\177)
1537517563.362772 complete key \177 0x1024
1537517563.362784 session 0 not pasting
1537517563.362795 writing key 0x1024 (BSpace)
1537517563.362803 found key 0x1024: "\177"
1537517563.362814 event dispatch exit
1537517563.362825 @0 active pane not changed
1537517563.362842 event dispatch enter
1537517563.362869 event dispatch exit
1537517563.362879 @0 active pane not changed
1537517563.362887 event dispatch enter
1537517563.529883 keys are 1 (\177)
1537517563.529925 complete key \177 0x1024
1537517563.529937 session 0 not pasting
1537517563.529947 writing key 0x1024 (BSpace)
1537517563.529959 found key 0x1024: "\177"
1537517563.529969 event dispatch exit
1537517563.529978 @0 active pane not changed
1537517563.529986 event dispatch enter
1537517563.530009 event dispatch exit
1537517563.530016 @0 active pane not changed
1537517563.530022 event dispatch enter
1537517563.967478 keys are 1 (:)
1537517563.967537 complete key : 0x3a
1537517563.967549 session 0 not pasting
1537517563.967559 writing key 0x3a (:)
1537517563.967570 event dispatch exit
1537517563.967581 @0 active pane not changed
1537517563.967590 event dispatch enter
1537517563.967621 event dispatch exit
1537517563.967636 @0 active pane not changed
1537517563.967646 event dispatch enter
1537517563.967673 %0 has 1 bytes
1537517563.967684 @0 alerts timer reset 0
1537517563.967693 input_parse: %0 ground, 1 bytes: :
1537517563.967710 event dispatch exit
1537517563.967721 @0 active pane changed
1537517563.967815 format '#{pane_current_command}' -> 'zsh'
1537517563.967831 format '' -> ''
1537517563.967839 format '#{?pane_in_mode,[tmux],#{pane_current_command}}#{?pane_dead,[dead],}' -> 'zsh'
1537517563.967850 @0 name not changed (still zsh)
1537517563.967858 event dispatch enter
1537517563.968013 event dispatch exit
1537517563.968033 @0 active pane not changed
1537517563.968041 event dispatch enter
1537517564.202166 keys are 1 (q)
1537517564.202225 complete key q 0x71
1537517564.202238 session 0 not pasting
1537517564.202247 writing key 0x71 (q)
1537517564.202258 event dispatch exit
1537517564.202268 @0 active pane not changed
1537517564.202275 event dispatch enter
1537517564.202304 event dispatch exit
1537517564.202315 @0 active pane not changed
1537517564.202321 event dispatch enter
1537517564.202347 %0 has 1 bytes
1537517564.202358 @0 alerts timer reset 0
1537517564.202366 input_parse: %0 ground, 1 bytes: q
1537517564.202383 event dispatch exit
1537517564.202394 @0 active pane changed
1537517564.202403 @0 name timer queued (265327 left)
1537517564.202412 event dispatch enter
1537517564.202547 event dispatch exit
1537517564.202573 @0 active pane changed
1537517564.202583 @0 name timer already queued (265148 left)
1537517564.202590 event dispatch enter
1537517564.270462 keys are 1 (\r)
1537517564.270507 complete key \r 0xd
1537517564.270519 session 0 not pasting
1537517564.270528 writing key 0xd (Enter)
1537517564.270538 event dispatch exit
1537517564.270549 @0 active pane changed
1537517564.270557 @0 name timer already queued (197174 left)
1537517564.270576 event dispatch enter
1537517564.270606 event dispatch exit
1537517564.270614 @0 active pane changed
1537517564.270622 @0 name timer already queued (197109 left)
1537517564.270628 event dispatch enter
1537517564.270651 %0 has 2 bytes
1537517564.270664 @0 alerts timer reset 0
1537517564.270672 input_parse: %0 ground, 2 bytes: \r\n
1537517564.270678 input_c0_dispatch: '\r'
1537517564.270685 input_c0_dispatch: '\n'
1537517564.270692 event dispatch exit
1537517564.270701 @0 active pane changed
1537517564.270708 @0 name timer already queued (197022 left)
1537517564.270715 event dispatch enter
1537517564.270808 event dispatch exit
1537517564.270830 @0 active pane changed
1537517564.270840 @0 name timer already queued (196891 left)
1537517564.270849 event dispatch enter
1537517564.468329 @0 name timer expired
1537517564.468366 event dispatch exit
1537517564.468378 @0 active pane changed
1537517564.468459 format '#{pane_current_command}' -> 'zsh'
1537517564.468471 format '' -> ''
1537517564.468479 format '#{?pane_in_mode,[tmux],#{pane_current_command}}#{?pane_dead,[dead],}' -> 'zsh'
1537517564.468490 @0 name not changed (still zsh)
1537517564.468497 event dispatch enter
1537517568.657229 %0 has 235 bytes
1537517568.657267 @0 alerts timer reset 0
1537517568.657280 input_parse: %0 ground, 235 bytes: \033[1m\033[3m%\033[23m\033[1m\033[0m                                                                                                                                                                                                                  \r \r
1537517568.657305 input_csi_dispatch: 'm' "" "1"
1537517568.657315 input_csi_dispatch: 'm' "" "3"
1537517568.657333 input_csi_dispatch: 'm' "" "23"
1537517568.657341 input_csi_dispatch: 'm' "" "1"
1537517568.657348 input_csi_dispatch: 'm' "" "0"
1537517568.657410 input_c0_dispatch: '\r'
1537517568.657419 input_c0_dispatch: '\r'
1537517568.657427 event dispatch exit
1537517568.657436 @0 active pane changed
1537517568.657520 format '#{pane_current_command}' -> 'zsh'
1537517568.657532 format '' -> ''
1537517568.657539 format '#{?pane_in_mode,[tmux],#{pane_current_command}}#{?pane_dead,[dead],}' -> 'zsh'
1537517568.657551 @0 name not changed (still zsh)
1537517568.657563 event dispatch enter
1537517568.657777 %0 has 19 bytes
1537517568.657795 @0 alerts timer reset 0
1537517568.657806 input_parse: %0 ground, 19 bytes: \033k../frontend/src\033\\
1537517568.657814 input_enter_rename
1537517568.657823 input_exit_rename: "../frontend/src"
1537517568.657832 input_esc_dispatch: '\\', 
1537517568.657840 input_esc_dispatch: unknown '\\'
1537517568.657847 event dispatch exit
1537517568.657941 format '[#S] ' -> '[0] '
1537517568.658012 format ' "#{=21:pane_title}" 16:12 21-Sep-18' -> ' "DESKTOP-UTTCK6I" 16:12 21-Sep-18'
1537517568.658078 format '#{window_flags}' -> '*'
1537517568.658088 format '#I:#W#{?window_flags,#{window_flags}, }' -> '0:../frontend/src*'
1537517568.658139 event dispatch enter
1537517568.658299 event dispatch exit
1537517568.658324 event dispatch enter
1537517568.913368 keys are 1 (e)
1537517568.913409 complete key e 0x65
1537517568.913425 session 0 not pasting
1537517568.913434 writing key 0x65 (e)
1537517568.913446 event dispatch exit
1537517568.913458 event dispatch enter
1537517568.913487 event dispatch exit
1537517568.913494 event dispatch enter
1537517568.913515 %0 has 1 bytes
1537517568.913523 @0 alerts timer reset 0
1537517568.913535 input_parse: %0 ground, 1 bytes: e
1537517568.913555 event dispatch exit
1537517568.913570 event dispatch enter
1537517568.913687 event dispatch exit
1537517568.913731 event dispatch enter
1537517569.026425 %0 has 130 bytes
1537517569.026471 @0 alerts timer reset 0
1537517569.026488 input_parse: %0 ground, 130 bytes: \r\033[0m\033[23m\033[24m\033[J\033[44m\033[30m ~/interview/SimpleTodoList/frontend/src \033[43m\033[34m\356\202\260\033[30m \356\202\240 development \342\227\217 \033[49m\033[33m\356\202\260\033[39m \033[K
1537517569.026499 input_c0_dispatch: '\r'
1537517569.026511 input_csi_dispatch: 'm' "" "0"
1537517569.026523 input_csi_dispatch: 'm' "" "23"
1537517569.026534 input_csi_dispatch: 'm' "" "24"
1537517569.026544 input_csi_dispatch: 'J' "" ""
1537517569.026579 input_csi_dispatch: 'm' "" "44"
1537517569.026592 input_csi_dispatch: 'm' "" "30"
1537517569.026636 input_csi_dispatch: 'm' "" "43"
1537517569.026648 input_csi_dispatch: 'm' "" "34"
1537517569.026660 input_utf8_open
1537517569.026669 input_utf8_add
1537517569.026678 input_utf8_close
1537517569.026694 input_csi_dispatch: 'm' "" "30"
1537517569.026709 input_utf8_open
1537517569.026719 input_utf8_add
1537517569.026729 input_utf8_close
1537517569.026747 input_utf8_open
1537517569.026757 input_utf8_add
1537517569.026767 input_utf8_close
1537517569.026781 input_csi_dispatch: 'm' "" "49"
1537517569.026793 input_csi_dispatch: 'm' "" "33"
1537517569.026803 input_utf8_open
1537517569.026819 input_utf8_add
1537517569.026830 input_utf8_close
1537517569.026846 input_csi_dispatch: 'm' "" "39"
1537517569.026859 input_csi_dispatch: 'K' "" ""
1537517569.026887 event dispatch exit
1537517569.026904 event dispatch enter
1537517569.027366 %0 has 15 bytes
1537517569.027400 @0 alerts timer reset 0
1537517569.027414 input_parse: %0 ground, 15 bytes: \033[?1h\033=\033[?2004h
1537517569.027428 input_csi_dispatch: 'h' "?" "1"
1537517569.027442 input_esc_dispatch: '=', 
1537517569.027456 input_csi_dispatch: 'h' "?" "2004"
1537517569.027470 event dispatch exit
1537517569.027484 event dispatch enter
1537517569.034329 event dispatch exit
1537517569.034379 event dispatch enter
1537517569.034417 %0 has 22 bytes
1537517569.034427 @0 alerts timer reset 0
1537517569.034443 input_parse: %0 ground, 22 bytes: :\b:q\033[?1l\033>\033[?2004l\r\r\n
1537517569.034460 input_c0_dispatch: '\b'
1537517569.034470 input_csi_dispatch: 'l' "?" "1"
1537517569.034478 input_esc_dispatch: '>', 
1537517569.034486 input_csi_dispatch: 'l' "?" "2004"
1537517569.034494 input_c0_dispatch: '\r'
1537517569.034501 input_c0_dispatch: '\r'
1537517569.034507 input_c0_dispatch: '\n'
1537517569.034514 event dispatch exit
1537517569.034523 event dispatch enter
1537517569.034649 event dispatch exit
1537517569.034672 event dispatch enter
1537517569.036450 %0 has 6 bytes
1537517569.036488 @0 alerts timer reset 0
1537517569.036506 input_parse: %0 ground, 6 bytes: \033k:q\033\\
1537517569.036523 input_enter_rename
1537517569.036535 input_exit_rename: ":q"
1537517569.036548 input_esc_dispatch: '\\', 
1537517569.036558 input_esc_dispatch: unknown '\\'
1537517569.036569 event dispatch exit
1537517569.036712 format '[#S] ' -> '[0] '
1537517569.036827 format ' "#{=21:pane_title}" 16:12 21-Sep-18' -> ' "DESKTOP-UTTCK6I" 16:12 21-Sep-18'
1537517569.036937 format '#{window_flags}' -> '*'
1537517569.036953 format '#I:#W#{?window_flags,#{window_flags}, }' -> '0::q*'
1537517569.037018 event dispatch enter
1537517569.037186 event dispatch exit
1537517569.037206 event dispatch enter
1537517569.055383 %0 has 28 bytes
1537517569.055477 @0 alerts timer reset 0
1537517569.055498 input_parse: %0 ground, 28 bytes: zsh: command not found: :q\r\n
1537517569.055554 input_c0_dispatch: '\r'
1537517569.055569 input_c0_dispatch: '\n'
1537517569.055583 event dispatch exit
1537517569.055600 event dispatch enter
1537517569.062780 %0 has 254 bytes
1537517569.062824 @0 alerts timer reset 0
1537517569.062837 input_parse: %0 ground, 254 bytes: \033[1m\033[3m%\033[23m\033[1m\033[0m                                                                                                                                                                                                                  \r \r\033k../frontend/src\033\\
1537517569.062848 input_csi_dispatch: 'm' "" "1"
1537517569.062856 input_csi_dispatch: 'm' "" "3"
1537517569.062873 input_csi_dispatch: 'm' "" "23"
1537517569.062881 input_csi_dispatch: 'm' "" "1"
1537517569.062888 input_csi_dispatch: 'm' "" "0"
1537517569.062951 input_c0_dispatch: '\r'
1537517569.062959 input_c0_dispatch: '\r'
1537517569.062967 input_enter_rename
1537517569.062974 input_exit_rename: "../frontend/src"
1537517569.062983 input_esc_dispatch: '\\', 
1537517569.062989 input_esc_dispatch: unknown '\\'
1537517569.062996 event dispatch exit
1537517569.063091 format '[#S] ' -> '[0] '
1537517569.063159 format ' "#{=21:pane_title}" 16:12 21-Sep-18' -> ' "DESKTOP-UTTCK6I" 16:12 21-Sep-18'
1537517569.063223 format '#{window_flags}' -> '*'
1537517569.063231 format '#I:#W#{?window_flags,#{window_flags}, }' -> '0:../frontend/src*'
1537517569.063267 event dispatch enter
1537517569.063448 event dispatch exit
1537517569.063467 event dispatch enter
1537517569.123872 keys are 1 (x)
1537517569.123912 complete key x 0x78
1537517569.123924 session 0 not pasting
1537517569.123932 writing key 0x78 (x)
1537517569.123945 event dispatch exit
1537517569.123954 event dispatch enter
1537517569.123981 event dispatch exit
1537517569.123991 event dispatch enter
1537517569.124011 %0 has 1 bytes
1537517569.124019 @0 alerts timer reset 0
1537517569.124027 input_parse: %0 ground, 1 bytes: x
1537517569.124041 event dispatch exit
1537517569.124049 event dispatch enter
1537517569.124163 event dispatch exit
1537517569.124187 event dispatch enter
1537517569.213968 keys are 1 (i)
1537517569.214009 complete key i 0x69
1537517569.214021 session 0 not pasting
1537517569.214030 writing key 0x69 (i)
1537517569.214040 event dispatch exit
1537517569.214050 event dispatch enter
1537517569.214075 event dispatch exit
1537517569.214083 event dispatch enter
1537517569.214104 %0 has 1 bytes
1537517569.214112 @0 alerts timer reset 0
1537517569.214120 input_parse: %0 ground, 1 bytes: i
1537517569.214133 event dispatch exit
1537517569.214142 event dispatch enter
1537517569.214257 event dispatch exit
1537517569.214278 event dispatch enter
1537517569.363869 %0 has 158 bytes
1537517569.363920 @0 alerts timer reset 0
1537517569.363935 input_parse: %0 ground, 158 bytes: \r\033[0m\033[23m\033[24m\033[J\033[40m\033[39m \033[31m\342\234\230 \033[44m\033[30m\356\202\260\033[30m ~/interview/SimpleTodoList/frontend/src \033[43m\033[34m\356\202\260\033[30m \356\202\240 development \342\227\217 \033[49m\033[33m\356\202\260\033[39m \033[K
1537517569.363942 input_c0_dispatch: '\r'
1537517569.363956 input_csi_dispatch: 'm' "" "0"
1537517569.363965 input_csi_dispatch: 'm' "" "23"
1537517569.363972 input_csi_dispatch: 'm' "" "24"
1537517569.363983 input_csi_dispatch: 'J' "" ""
1537517569.364028 input_csi_dispatch: 'm' "" "40"
1537517569.364040 input_csi_dispatch: 'm' "" "39"
1537517569.364051 input_csi_dispatch: 'm' "" "31"
1537517569.364058 input_utf8_open
1537517569.364065 input_utf8_add
1537517569.364071 input_utf8_close
1537517569.364084 input_csi_dispatch: 'm' "" "44"
1537517569.364095 input_csi_dispatch: 'm' "" "30"
1537517569.364103 input_utf8_open
1537517569.364110 input_utf8_add
1537517569.364116 input_utf8_close
1537517569.364128 input_csi_dispatch: 'm' "" "30"
1537517569.364149 input_csi_dispatch: 'm' "" "43"
1537517569.364160 input_csi_dispatch: 'm' "" "34"
1537517569.364169 input_utf8_open
1537517569.364176 input_utf8_add
1537517569.364182 input_utf8_close
1537517569.364195 input_csi_dispatch: 'm' "" "30"
1537517569.364207 input_utf8_open
1537517569.364217 input_utf8_add
1537517569.364226 input_utf8_close
1537517569.364240 input_utf8_open
1537517569.364250 input_utf8_add
1537517569.364259 input_utf8_close
1537517569.364271 input_csi_dispatch: 'm' "" "49"
1537517569.364283 input_csi_dispatch: 'm' "" "33"
1537517569.364292 input_utf8_open
1537517569.364301 input_utf8_add
1537517569.364310 input_utf8_close
1537517569.364323 input_csi_dispatch: 'm' "" "39"
1537517569.364335 input_csi_dispatch: 'K' "" ""
1537517569.364372 event dispatch exit
1537517569.364382 event dispatch enter
1537517569.364939 %0 has 15 bytes
1537517569.364959 @0 alerts timer reset 0
1537517569.364969 input_parse: %0 ground, 15 bytes: \033[?1h\033=\033[?2004h
1537517569.364979 input_csi_dispatch: 'h' "?" "1"
1537517569.364988 input_esc_dispatch: '=', 
1537517569.364995 input_csi_dispatch: 'h' "?" "2004"
1537517569.365003 event dispatch exit
1537517569.365029 event dispatch enter
1537517569.372216 event dispatch exit
1537517569.372262 event dispatch enter
1537517569.372297 %0 has 4 bytes
1537517569.372306 @0 alerts timer reset 0
1537517569.372314 input_parse: %0 ground, 4 bytes: e\bex
1537517569.372330 input_c0_dispatch: '\b'
1537517569.372339 event dispatch exit
1537517569.372349 event dispatch enter
1537517569.372468 event dispatch exit
1537517569.372487 event dispatch enter
1537517569.386637 %0 has 43 bytes
1537517569.386678 @0 alerts timer reset 0
1537517569.386688 input_parse: %0 ground, 43 bytes: \b\b\033[1m\033[31me\033[1m\033[31mx\033[1m\033[31mi\033[0m\033[39mt\b
1537517569.386696 input_c0_dispatch: '\b'
1537517569.386703 input_c0_dispatch: '\b'
1537517569.386712 input_csi_dispatch: 'm' "" "1"
1537517569.386721 input_csi_dispatch: 'm' "" "31"
1537517569.386740 input_csi_dispatch: 'm' "" "1"
1537517569.386751 input_csi_dispatch: 'm' "" "31"
1537517569.386760 input_csi_dispatch: 'm' "" "1"
1537517569.386767 input_csi_dispatch: 'm' "" "31"
1537517569.386774 input_csi_dispatch: 'm' "" "0"
1537517569.386782 input_csi_dispatch: 'm' "" "39"
1537517569.386790 input_c0_dispatch: '\b'
1537517569.386797 event dispatch exit
1537517569.386807 event dispatch enter
1537517569.386984 event dispatch exit
1537517569.387001 event dispatch enter
1537517569.390969 keys are 1 (t)
1537517569.391008 complete key t 0x74
1537517569.391020 session 0 not pasting
1537517569.391028 writing key 0x74 (t)
1537517569.391039 event dispatch exit
1537517569.391056 event dispatch enter
1537517569.391080 event dispatch exit
1537517569.391088 event dispatch enter
1537517569.393122 %0 has 44 bytes
1537517569.393155 @0 alerts timer reset 0
1537517569.393166 input_parse: %0 ground, 44 bytes: \b\b\b\033[0m\033[32me\033[0m\033[32mx\033[0m\033[32mi\033[32mt\033[39m
1537517569.393173 input_c0_dispatch: '\b'
1537517569.393179 input_c0_dispatch: '\b'
1537517569.393185 input_c0_dispatch: '\b'
1537517569.393195 input_csi_dispatch: 'm' "" "0"
1537517569.393204 input_csi_dispatch: 'm' "" "32"
1537517569.393223 input_csi_dispatch: 'm' "" "0"
1537517569.393240 input_csi_dispatch: 'm' "" "32"
1537517569.393248 input_csi_dispatch: 'm' "" "0"
1537517569.393256 input_csi_dispatch: 'm' "" "32"
1537517569.393263 input_csi_dispatch: 'm' "" "32"
1537517569.393271 input_csi_dispatch: 'm' "" "39"
1537517569.393302 event dispatch exit
1537517569.393316 event dispatch enter
1537517569.393442 event dispatch exit
1537517569.393452 event dispatch enter
1537517570.583222 keys are 1 (\r)
1537517570.583279 complete key \r 0xd
1537517570.583291 session 0 not pasting
1537517570.583302 writing key 0xd (Enter)
1537517570.583313 event dispatch exit
1537517570.583323 event dispatch enter
1537517570.583351 event dispatch exit
1537517570.583360 event dispatch enter
1537517570.584380 %0 has 7 bytes
1537517570.584426 @0 alerts timer reset 0
1537517570.584441 input_parse: %0 ground, 7 bytes: \033[?1l\033>
1537517570.584455 input_csi_dispatch: 'l' "?" "1"
1537517570.584469 input_esc_dispatch: '>', 
1537517570.584495 event dispatch exit
1537517570.584511 event dispatch enter
1537517570.584623 event dispatch exit
1537517570.584649 event dispatch enter
1537517570.585724 %0 has 11 bytes
1537517570.585755 @0 alerts timer reset 0
1537517570.585764 input_parse: %0 ground, 11 bytes: \033[?2004l\r\r\n
1537517570.585774 input_csi_dispatch: 'l' "?" "2004"
1537517570.585781 input_c0_dispatch: '\r'
1537517570.585788 input_c0_dispatch: '\r'
1537517570.585795 input_c0_dispatch: '\n'
1537517570.585804 event dispatch exit
1537517570.585813 event dispatch enter
1537517570.585932 event dispatch exit
1537517570.585952 event dispatch enter
1537517570.592272 %0 has 8 bytes
1537517570.592308 @0 alerts timer reset 0
1537517570.592319 input_parse: %0 ground, 8 bytes: \033kexit\033\\
1537517570.592328 input_enter_rename
1537517570.592336 input_exit_rename: "exit"
1537517570.592345 input_esc_dispatch: '\\', 
1537517570.592352 input_esc_dispatch: unknown '\\'
1537517570.592361 event dispatch exit
1537517570.592463 format '[#S] ' -> '[0] '
1537517570.592542 format ' "#{=21:pane_title}" 16:12 21-Sep-18' -> ' "DESKTOP-UTTCK6I" 16:12 21-Sep-18'
1537517570.592609 format '#{window_flags}' -> '*'
1537517570.592618 format '#I:#W#{?window_flags,#{window_flags}, }' -> '0:exit*'
1537517570.592659 event dispatch enter
1537517570.592816 event dispatch exit
1537517570.592846 event dispatch enter
1537517570.617671 session 0 has 2 references
1537517570.617736 session 0 destroyed
1537517570.617767 session 0 has 2 references
1537517570.617787 session 0 has 1 references
1537517570.617823 event dispatch exit
1537517570.617833 writing 203 to client 7
1537517570.617846 event dispatch enter
1537517570.617907 session 0 freed (0 references)
1537517570.617925 event dispatch exit
1537517570.617932 event dispatch enter
1537517570.618185 got 205 from client 7
1537517570.622155 writing 204 to client 7
1537517570.622195 event dispatch exit
1537517570.622205 event dispatch enter
1537517570.622231 event dispatch exit
1537517570.622238 event dispatch enter
1537517570.625334 lost client 7
1537517570.625477 unref client 7 (1 references)
1537517570.625539 event dispatch exit
